# JRE version: 6.0_30-b30
# Java VM: OpenJDK Client VM (23.25-b01 mixed mode, sharing linux-x86 )
Heap
 def new generation   total 4736K, used 4162K [0x6f980000, 0x6fea0000, 0x79ed0000)
  eden space 4224K,  86% used [0x6f980000, 0x6fd14680, 0x6fda0000)
  from space 512K,  97% used [0x6fda0000, 0x6fe1c3c0, 0x6fe20000)
  to   space 512K,   0% used [0x6fe20000, 0x6fe20000, 0x6fea0000)
 tenured generation   total 10624K, used 6609K [0x79ed0000, 0x7a930000, 0x8e980000)
   the space 10624K,  62% used [0x79ed0000, 0x7a5447a0, 0x7a544800, 0x7a930000)
 compacting perm gen  total 15104K, used 14978K [0x8e980000, 0x8f840000, 0x92980000)
   the space 15104K,  99% used [0x8e980000, 0x8f820bc0, 0x8f820c00, 0x8f840000)
    ro space 10240K,  56% used [0x92980000, 0x92f1ba38, 0x92f1bc00, 0x93380000)
    rw space 12288K,  60% used [0x93380000, 0x93aca570, 0x93aca600, 0x93f80000)
GC Heap History (10 events):
Event: 18.944 GC heap before
{Heap before GC invocations=19 (full 0):
 def new generation   total 4736K, used 4471K [0x6f980000, 0x6fea0000, 0x79ed0000)
  eden space 4224K, 100% used [0x6f980000, 0x6fda0000, 0x6fda0000)
  from space 512K,  48% used [0x6fe20000, 0x6fe5dd60, 0x6fea0000)
  to   space 512K,   0% used [0x6fda0000, 0x6fda0000, 0x6fe20000)
 tenured generation   total 10624K, used 3985K [0x79ed0000, 0x7a930000, 0x8e980000)
   the space 10624K,  37% used [0x79ed0000, 0x7a2b4588, 0x7a2b4600, 0x7a930000)
 compacting perm gen  total 14080K, used 13979K [0x8e980000, 0x8f740000, 0x92980000)
   the space 14080K,  99% used [0x8e980000, 0x8f726d20, 0x8f726e00, 0x8f740000)
    ro space 10240K,  56% used [0x92980000, 0x92f1ba38, 0x92f1bc00, 0x93380000)
    rw space 12288K,  60% used [0x93380000, 0x93aca570, 0x93aca600, 0x93f80000)
Event: 18.975 GC heap after
Heap after GC invocations=20 (full 0):
 def new generation   total 4736K, used 512K [0x6f980000, 0x6fea0000, 0x79ed0000)
  eden space 4224K,   0% used [0x6f980000, 0x6f980000, 0x6fda0000)
  from space 512K, 100% used [0x6fda0000, 0x6fe20000, 0x6fe20000)
  to   space 512K,   0% used [0x6fe20000, 0x6fe20000, 0x6fea0000)
 tenured generation   total 10624K, used 4417K [0x79ed0000, 0x7a930000, 0x8e980000)
   the space 10624K,  41% used [0x79ed0000, 0x7a3207a8, 0x7a320800, 0x7a930000)
 compacting perm gen  total 14080K, used 13979K [0x8e980000, 0x8f740000, 0x92980000)
   the space 14080K,  99% used [0x8e980000, 0x8f726d20, 0x8f726e00, 0x8f740000)
    ro space 10240K,  56% used [0x92980000, 0x92f1ba38, 0x92f1bc00, 0x93380000)
    rw space 12288K,  60% used [0x93380000, 0x93aca570, 0x93aca600, 0x93f80000)
}
Event: 19.455 GC heap before
{Heap before GC invocations=20 (full 0):
 def new generation   total 4736K, used 4736K [0x6f980000, 0x6fea0000, 0x79ed0000)
  eden space 4224K, 100% used [0x6f980000, 0x6fda0000, 0x6fda0000)
  from space 512K, 100% used [0x6fda0000, 0x6fe20000, 0x6fe20000)
  to   space 512K,   0% used [0x6fe20000, 0x6fe20000, 0x6fea0000)
 tenured generation   total 10624K, used 4417K [0x79ed0000, 0x7a930000, 0x8e980000)
   the space 10624K,  41% used [0x79ed0000, 0x7a3207a8, 0x7a320800, 0x7a930000)
 compacting perm gen  total 14592K, used 14368K [0x8e980000, 0x8f7c0000, 0x92980000)
   the space 14592K,  98% used [0x8e980000, 0x8f7883a8, 0x8f788400, 0x8f7c0000)
    ro space 10240K,  56% used [0x92980000, 0x92f1ba38, 0x92f1bc00, 0x93380000)
    rw space 12288K,  60% used [0x93380000, 0x93aca570, 0x93aca600, 0x93f80000)
Event: 19.483 GC heap after
Heap after GC invocations=21 (full 0):
 def new generation   total 4736K, used 512K [0x6f980000, 0x6fea0000, 0x79ed0000)
  eden space 4224K,   0% used [0x6f980000, 0x6f980000, 0x6fda0000)
  from space 512K, 100% used [0x6fe20000, 0x6fea0000, 0x6fea0000)
  to   space 512K,   0% used [0x6fda0000, 0x6fda0000, 0x6fe20000)
 tenured generation   total 10624K, used 5352K [0x79ed0000, 0x7a930000, 0x8e980000)
   the space 10624K,  50% used [0x79ed0000, 0x7a40a130, 0x7a40a200, 0x7a930000)
 compacting perm gen  total 14592K, used 14368K [0x8e980000, 0x8f7c0000, 0x92980000)
   the space 14592K,  98% used [0x8e980000, 0x8f7883a8, 0x8f788400, 0x8f7c0000)
    ro space 10240K,  56% used [0x92980000, 0x92f1ba38, 0x92f1bc00, 0x93380000)
    rw space 12288K,  60% used [0x93380000, 0x93aca570, 0x93aca600, 0x93f80000)
}
Event: 23.411 GC heap before
{Heap before GC invocations=21 (full 0):
 def new generation   total 4736K, used 4716K [0x6f980000, 0x6fea0000, 0x79ed0000)
  eden space 4224K,  99% used [0x6f980000, 0x6fd9b360, 0x6fda0000)
  from space 512K, 100% used [0x6fe20000, 0x6fea0000, 0x6fea0000)
  to   space 512K,   0% used [0x6fda0000, 0x6fda0000, 0x6fe20000)
 tenured generation   total 10624K, used 5352K [0x79ed0000, 0x7a930000, 0x8e980000)
   the space 10624K,  50% used [0x79ed0000, 0x7a40a130, 0x7a40a200, 0x7a930000)
 compacting perm gen  total 14592K, used 14542K [0x8e980000, 0x8f7c0000, 0x92980000)
   the space 14592K,  99% used [0x8e980000, 0x8f7b3a90, 0x8f7b3c00, 0x8f7c0000)
    ro space 10240K,  56% used [0x92980000, 0x92f1ba38, 0x92f1bc00, 0x93380000)
    rw space 12288K,  60% used [0x93380000, 0x93aca570, 0x93aca600, 0x93f80000)
Event: 23.438 GC heap after
Heap after GC invocations=22 (full 0):
 def new generation   total 4736K, used 512K [0x6f980000, 0x6fea0000, 0x79ed0000)
  eden space 4224K,   0% used [0x6f980000, 0x6f980000, 0x6fda0000)
  from space 512K, 100% used [0x6fda0000, 0x6fe20000, 0x6fe20000)
  to   space 512K,   0% used [0x6fe20000, 0x6fe20000, 0x6fea0000)
 tenured generation   total 10624K, used 6129K [0x79ed0000, 0x7a930000, 0x8e980000)
   the space 10624K,  57% used [0x79ed0000, 0x7a4cc528, 0x7a4cc600, 0x7a930000)
 compacting perm gen  total 14592K, used 14542K [0x8e980000, 0x8f7c0000, 0x92980000)
   the space 14592K,  99% used [0x8e980000, 0x8f7b3a90, 0x8f7b3c00, 0x8f7c0000)
    ro space 10240K,  56% used [0x92980000, 0x92f1ba38, 0x92f1bc00, 0x93380000)
    rw space 12288K,  60% used [0x93380000, 0x93aca570, 0x93aca600, 0x93f80000)
}
Event: 24.032 GC heap before
{Heap before GC invocations=22 (full 0):
 def new generation   total 4736K, used 4736K [0x6f980000, 0x6fea0000, 0x79ed0000)
  eden space 4224K, 100% used [0x6f980000, 0x6fda0000, 0x6fda0000)
  from space 512K, 100% used [0x6fda0000, 0x6fe20000, 0x6fe20000)
  to   space 512K,   0% used [0x6fe20000, 0x6fe20000, 0x6fea0000)
 tenured generation   total 10624K, used 6129K [0x79ed0000, 0x7a930000, 0x8e980000)
   the space 10624K,  57% used [0x79ed0000, 0x7a4cc528, 0x7a4cc600, 0x7a930000)
 compacting perm gen  total 14848K, used 14716K [0x8e980000, 0x8f800000, 0x92980000)
   the space 14848K,  99% used [0x8e980000, 0x8f7df040, 0x8f7df200, 0x8f800000)
    ro space 10240K,  56% used [0x92980000, 0x92f1ba38, 0x92f1bc00, 0x93380000)
    rw space 12288K,  60% used [0x93380000, 0x93aca570, 0x93aca600, 0x93f80000)
Event: 24.047 GC heap after
Heap after GC invocations=23 (full 0):
 def new generation   total 4736K, used 510K [0x6f980000, 0x6fea0000, 0x79ed0000)
  eden space 4224K,   0% used [0x6f980000, 0x6f980000, 0x6fda0000)
  from space 512K,  99% used [0x6fe20000, 0x6fe9f9c0, 0x6fea0000)
  to   space 512K,   0% used [0x6fda0000, 0x6fda0000, 0x6fe20000)
 tenured generation   total 10624K, used 6262K [0x79ed0000, 0x7a930000, 0x8e980000)
   the space 10624K,  58% used [0x79ed0000, 0x7a4ed868, 0x7a4eda00, 0x7a930000)
 compacting perm gen  total 14848K, used 14716K [0x8e980000, 0x8f800000, 0x92980000)
   the space 14848K,  99% used [0x8e980000, 0x8f7df040, 0x8f7df200, 0x8f800000)
    ro space 10240K,  56% used [0x92980000, 0x92f1ba38, 0x92f1bc00, 0x93380000)
    rw space 12288K,  60% used [0x93380000, 0x93aca570, 0x93aca600, 0x93f80000)
}
Event: 46.488 GC heap before
{Heap before GC invocations=23 (full 0):
 def new generation   total 4736K, used 4734K [0x6f980000, 0x6fea0000, 0x79ed0000)
  eden space 4224K, 100% used [0x6f980000, 0x6fda0000, 0x6fda0000)
  from space 512K,  99% used [0x6fe20000, 0x6fe9f9c0, 0x6fea0000)
  to   space 512K,   0% used [0x6fda0000, 0x6fda0000, 0x6fe20000)
 tenured generation   total 10624K, used 6262K [0x79ed0000, 0x7a930000, 0x8e980000)
   the space 10624K,  58% used [0x79ed0000, 0x7a4ed868, 0x7a4eda00, 0x7a930000)
 compacting perm gen  total 15104K, used 14974K [0x8e980000, 0x8f840000, 0x92980000)
   the space 15104K,  99% used [0x8e980000, 0x8f81f9a8, 0x8f81fa00, 0x8f840000)
    ro space 10240K,  56% used [0x92980000, 0x92f1ba38, 0x92f1bc00, 0x93380000)
    rw space 12288K,  60% used [0x93380000, 0x93aca570, 0x93aca600, 0x93f80000)
Event: 46.502 GC heap after
Heap after GC invocations=24 (full 0):
 def new generation   total 4736K, used 496K [0x6f980000, 0x6fea0000, 0x79ed0000)
  eden space 4224K,   0% used [0x6f980000, 0x6f980000, 0x6fda0000)
  from space 512K,  97% used [0x6fda0000, 0x6fe1c3c0, 0x6fe20000)
  to   space 512K,   0% used [0x6fe20000, 0x6fe20000, 0x6fea0000)
 tenured generation   total 10624K, used 6609K [0x79ed0000, 0x7a930000, 0x8e980000)
   the space 10624K,  62% used [0x79ed0000, 0x7a5447a0, 0x7a544800, 0x7a930000)
 compacting perm gen  total 15104K, used 14974K [0x8e980000, 0x8f840000, 0x92980000)
   the space 15104K,  99% used [0x8e980000, 0x8f81f9a8, 0x8f81fa00, 0x8f840000)
    ro space 10240K,  56% used [0x92980000, 0x92f1ba38, 0x92f1bc00, 0x93380000)
    rw space 12288K,  60% used [0x93380000, 0x93aca570, 0x93aca600, 0x93f80000)
}

